-------------------------------------------------------------------------------
Test set: com.javacodegeeks.examples.junitmavenexample.CalculatorTest
-------------------------------------------------------------------------------
Tests run: 5, Failures: 1, Errors: 0, Skipped: 0, Time elapsed: 0.022 s <<< FAILURE! - in com.javacodegeeks.examples.junitmavenexample.CalculatorTest
testEqual11(com.javacodegeeks.examples.junitmavenexample.CalculatorTest)  Time elapsed: 0.013 s  <<< FAILURE!
java.lang.AssertionError
	at com.javacodegeeks.examples.junitmavenexample.CalculatorTest.testEqual11(CalculatorTest.java:59)

